[2025-07-10 13:24:05] User: qw — FAILURE - Wrong password
[2025-07-10 13:29:58] User: qw — FAILURE - Wrong password
[2025-07-10 13:30:04] User: qw — FAILURE - Wrong password
[2025-07-10 13:30:12] User: qw — FAILURE - Wrong password
[2025-07-10 13:30:28] User: qw — FAILURE - Wrong password
[2025-07-10 13:30:53] User: qw — FAILURE - Wrong password
[2025-07-10 13:38:50] User: tim — FAILURE - Wrong password
[2025-07-10 13:39:09] User: tim — FAILURE - Wrong password
[2025-07-10 13:39:22] User: tim — FAILURE - Wrong password
[2025-07-10 13:39:35] User: tim — FAILURE - Wrong password
[2025-07-11 08:17:00] User: as — FAILURE - Wrong password
[2025-07-11 08:17:17] User: as — SUCCESS
[2025-07-11 08:32:37] User: hiba — FAILURE - Wrong password
[2025-07-11 08:36:56] User: Charlie — FAILURE - Wrong password
[2025-07-13 11:00:13] User: bob — SUCCESS
[2025-07-13 11:33:14] User: bob — SUCCESS
[2025-07-13 11:39:28] User: bob — FAILURE - Wrong password
[2025-07-13 11:39:36] User: bob — FAILURE - Wrong password
[2025-07-13 11:39:45] User: bob — FAILURE - Wrong password
[2025-07-13 11:41:07] User: bob — SUCCESS
[2025-07-13 11:57:31] User: spoon — SUCCESS
[2025-07-13 12:10:18] User: spoon — SUCCESS
